SF:lib/features/ble/data/datasources/ble_local_data_source.dart
DA:17,1
DA:20,1
DA:25,1
DA:27,3
DA:28,1
DA:29,1
DA:31,3
DA:32,1
LF:8
LH:8
end_of_record
SF:lib/features/ble/data/models/ble_device_model.dart
DA:7,2
DA:17,2
DA:18,2
DA:19,2
DA:20,2
DA:21,4
DA:25,0
DA:27,0
LF:8
LH:6
end_of_record
SF:lib/features/ble/domain/models/ble_device.dart
DA:9,9
DA:24,6
DA:26,3
DA:27,3
DA:28,3
DA:29,3
DA:30,3
DA:31,0
DA:35,3
DA:36,15
LF:10
LH:9
end_of_record
SF:lib/features/ble/domain/usecases/connect_device.dart
DA:5,2
DA:7,2
DA:9,8
DA:10,2
DA:12,2
LF:5
LH:5
end_of_record
SF:lib/features/ble/domain/usecases/disconnect_device.dart
DA:5,2
DA:7,2
DA:9,8
DA:10,2
DA:12,2
LF:5
LH:5
end_of_record
SF:lib/features/ble/domain/usecases/get_devices.dart
DA:8,3
DA:12,2
DA:13,4
DA:14,2
DA:22,2
DA:24,10
LF:6
LH:6
end_of_record
SF:lib/features/ble/presentation/bloc/ble_state.dart
DA:6,10
DA:16,1
DA:21,1
DA:22,1
DA:23,1
DA:24,1
DA:28,1
DA:29,4
LF:8
LH:8
end_of_record
SF:lib/features/ble/presentation/bloc/ble_event.dart
DA:4,10
DA:6,0
DA:7,0
DA:12,8
DA:17,3
DA:21,1
DA:22,2
DA:27,3
DA:31,1
DA:32,2
LF:10
LH:8
end_of_record
SF:lib/features/ble/presentation/bloc/ble_bloc.dart
DA:13,1
DA:20,1
DA:21,2
DA:22,2
DA:23,2
DA:30,1
DA:34,3
DA:36,2
DA:37,3
DA:39,4
DA:43,1
DA:44,8
DA:47,1
DA:48,8
LF:14
LH:14
end_of_record
SF:lib/features/ble/presentation/screens/device_list_screen.dart
DA:8,1
DA:10,1
DA:12,1
DA:13,1
DA:15,1
DA:16,1
DA:19,3
DA:23,1
DA:24,1
DA:25,1
DA:26,1
DA:27,1
DA:29,1
DA:30,1
DA:31,3
DA:33,1
DA:34,2
DA:37,1
DA:38,2
DA:39,1
DA:40,1
DA:41,3
LF:22
LH:22
end_of_record
SF:lib/features/ble/presentation/widgets/device_tile.dart
DA:14,2
DA:18,2
DA:20,4
DA:21,2
DA:23,2
DA:27,6
DA:28,2
DA:30,2
DA:31,2
DA:32,10
DA:34,2
DA:37,2
DA:38,1
DA:39,1
DA:41,4
DA:43,4
DA:46,2
DA:53,2
DA:57,2
DA:59,2
DA:60,2
DA:62,2
DA:63,2
DA:64,2
DA:66,2
DA:67,2
DA:68,2
LF:27
LH:27
end_of_record
