SF:lib/core/logging/app_logger.dart
DA:15,12
DA:17,1
DA:20,0
DA:23,0
DA:26,1
LF:5
LH:3
end_of_record
SF:lib/core/observer/app_bloc_observer.dart
DA:8,1
DA:12,1
DA:14,1
DA:15,4
DA:18,1
DA:20,1
DA:21,4
DA:24,1
DA:26,4
DA:27,1
LF:10
LH:10
end_of_record
SF:lib/features/ble/data/datasources/ble_local_data_source.dart
DA:20,1
DA:25,1
DA:34,1
DA:36,2
DA:37,3
DA:38,1
DA:39,1
DA:41,3
DA:42,1
DA:43,5
LF:10
LH:10
end_of_record
SF:lib/features/ble/data/models/ble_device_model.dart
DA:7,3
DA:17,2
DA:18,2
DA:19,2
DA:20,2
DA:21,4
DA:25,5
LF:7
LH:7
end_of_record
SF:lib/features/ble/domain/models/ble_device.dart
DA:9,11
DA:24,6
DA:26,3
DA:27,3
DA:28,3
DA:29,3
DA:30,3
DA:31,0
DA:35,4
DA:36,20
LF:10
LH:9
end_of_record
SF:lib/features/ble/data/repositories/ble_repository_impl.dart
DA:9,1
DA:13,1
DA:15,2
DA:16,4
LF:4
LH:4
end_of_record
SF:lib/features/ble/domain/usecases/connect_device.dart
DA:5,2
DA:7,2
DA:9,8
DA:10,2
DA:12,2
LF:5
LH:5
end_of_record
SF:lib/features/ble/domain/usecases/get_devices.dart
DA:8,3
DA:12,2
DA:13,4
DA:14,2
DA:22,2
DA:24,10
LF:6
LH:6
end_of_record
SF:lib/features/ble/domain/usecases/disconnect_device.dart
DA:5,2
DA:7,2
DA:9,8
DA:10,2
DA:12,2
LF:5
LH:5
end_of_record
SF:lib/features/ble/presentation/bloc/ble_state.dart
DA:6,7
DA:16,1
DA:22,1
DA:23,1
DA:24,1
DA:25,1
DA:29,1
DA:30,4
LF:8
LH:8
end_of_record
SF:lib/features/ble/presentation/bloc/ble_event.dart
DA:4,7
DA:6,0
DA:7,0
DA:12,5
DA:17,3
DA:21,1
DA:22,2
DA:27,3
DA:31,1
DA:32,2
LF:10
LH:8
end_of_record
SF:lib/features/ble/presentation/bloc/ble_bloc.dart
DA:15,1
DA:24,1
DA:25,2
DA:26,2
DA:27,2
DA:35,1
DA:39,3
DA:41,2
DA:42,3
DA:45,2
DA:46,3
DA:53,1
DA:54,8
DA:57,1
DA:58,8
LF:15
LH:15
end_of_record
SF:lib/core/error/failure.dart
DA:10,4
DA:14,1
DA:15,1
DA:20,4
DA:22,1
LF:5
LH:5
end_of_record
SF:lib/features/ble/presentation/screens/device_list_screen.dart
DA:8,1
DA:10,1
DA:12,1
DA:13,1
DA:15,1
DA:16,1
DA:19,3
DA:23,1
DA:24,1
DA:25,1
DA:26,1
DA:27,1
DA:29,1
DA:30,1
DA:31,1
DA:32,2
DA:35,1
DA:36,2
DA:39,1
DA:40,2
DA:41,1
DA:42,1
DA:43,3
LF:23
LH:23
end_of_record
SF:lib/features/ble/presentation/widgets/device_tile.dart
DA:13,2
DA:17,2
DA:19,4
DA:20,2
DA:22,2
DA:26,6
DA:27,2
DA:29,2
DA:30,12
DA:32,2
DA:35,2
DA:36,1
DA:37,1
DA:39,4
DA:41,4
DA:44,2
DA:51,2
DA:55,2
DA:57,2
DA:58,2
DA:60,2
DA:61,2
DA:62,2
DA:64,2
DA:65,2
DA:66,2
LF:26
LH:26
end_of_record
